<?xml version="1.0" encoding="UTF-8"?>
<!-- Generated by org.testng.reporters.JUnitReportReporter -->
<testsuite skipped="0" hostname="DESKTOP-6M9B03E" name="mockAPIDataDriven.DataDrivenPOSTExample2" tests="3" failures="0" timestamp="2020-03-30T15:45:06 EDT" time="1.887" errors="0">
  <testcase name="test_1" time="0.027" classname="mockAPIDataDriven.DataDrivenPOSTExample2"/>
  <system-out/>
  <testcase name="test_1" time="0.037" classname="mockAPIDataDriven.DataDrivenPOSTExample2"/>
  <system-out/>
  <testcase name="test_1" time="1.823" classname="mockAPIDataDriven.DataDrivenPOSTExample2"/>
  <system-out/>
</testsuite> <!-- mockAPIDataDriven.DataDrivenPOSTExample2 -->
