<?xml version="1.0" encoding="UTF-8"?>
<!-- Generated by org.testng.reporters.JUnitReportReporter -->
<testsuite skipped="0" hostname="DESKTOP-6M9B03E" name="test.Test_PUT" tests="1" failures="0" timestamp="2020-03-27T12:26:03 EDT" time="4.017" errors="0">
  <testcase name="test_1_put" time="4.017" classname="test.Test_PUT"/>
  <system-out/>
</testsuite> <!-- test.Test_PUT -->
