<?xml version="1.0" encoding="UTF-8"?>
<!-- Generated by org.testng.reporters.JUnitReportReporter -->
<testsuite skipped="0" hostname="DESKTOP-6M9B03E" name="localMockApi.Test_POST" tests="1" failures="0" timestamp="2020-03-30T15:12:07 EDT" time="1.914" errors="0">
  <testcase name="test_1" time="1.914" classname="localMockApi.Test_POST"/>
  <system-out/>
</testsuite> <!-- localMockApi.Test_POST -->
