<?xml version="1.0" encoding="UTF-8"?>
<!-- Generated by org.testng.reporters.JUnitReportReporter -->
<testsuite skipped="0" hostname="DESKTOP-6M9B03E" name="test.Test_DELETE" tests="1" failures="0" timestamp="2020-03-27T17:47:12 EDT" time="2.699" errors="0">
  <testcase name="test_1_delete" time="2.699" classname="test.Test_DELETE"/>
  <system-out/>
</testsuite> <!-- test.Test_DELETE -->
