<?xml version="1.0" encoding="UTF-8"?>
<!-- Generated by org.testng.reporters.JUnitReportReporter -->
<testsuite skipped="0" hostname="DESKTOP-6M9B03E" name="mockAPIDataDriven.DataDrivenExample2" tests="3" failures="0" timestamp="2020-03-30T15:34:02 EDT" time="2.016" errors="0">
  <testcase name="test_1" time="0.033" classname="mockAPIDataDriven.DataDrivenExample2"/>
  <system-out/>
  <testcase name="test_1" time="0.031" classname="mockAPIDataDriven.DataDrivenExample2"/>
  <system-out/>
  <testcase name="test_1" time="1.952" classname="mockAPIDataDriven.DataDrivenExample2"/>
  <system-out/>
</testsuite> <!-- mockAPIDataDriven.DataDrivenExample2 -->
