<?xml version="1.0" encoding="UTF-8"?>
<!-- Generated by org.testng.reporters.JUnitReportReporter -->
<testsuite skipped="0" hostname="DESKTOP-6M9B03E" name="mockAPIDataDriven.DataDrivenExample1" tests="2" failures="0" timestamp="2020-03-30T15:19:28 EDT" time="1.780" errors="0">
  <testcase name="test_1" time="0.035" classname="mockAPIDataDriven.DataDrivenExample1"/>
  <system-out/>
  <testcase name="test_1" time="1.745" classname="mockAPIDataDriven.DataDrivenExample1"/>
  <system-out/>
</testsuite> <!-- mockAPIDataDriven.DataDrivenExample1 -->
