<?xml version="1.0" encoding="UTF-8"?>
<!-- Generated by org.testng.reporters.JUnitReportReporter -->
<testsuite skipped="0" hostname="DESKTOP-6M9B03E" name="mockAPIDataDriven.DataDrivenDeleteExampleWithParameterFromXML6" tests="1" failures="0" timestamp="2020-03-30T17:35:26 EDT" time="1.808" errors="0">
  <testcase name="test_1" time="1.808" classname="mockAPIDataDriven.DataDrivenDeleteExampleWithParameterFromXML6"/>
  <system-out/>
</testsuite> <!-- mockAPIDataDriven.DataDrivenDeleteExampleWithParameterFromXML6 -->
