<?xml version="1.0" encoding="UTF-8"?>
<!-- Generated by org.testng.reporters.JUnitReportReporter -->
<testsuite skipped="0" hostname="DESKTOP-6M9B03E" name="test.Test_POST" tests="1" failures="0" timestamp="2020-03-27T10:19:07 EDT" time="0.010" errors="0">
  <testcase name="test_1_post" time="0.010" classname="test.Test_POST"/>
  <system-out/>
</testsuite> <!-- test.Test_POST -->
