<?xml version="1.0" encoding="UTF-8"?>
<!-- Generated by org.testng.reporters.JUnitReportReporter -->
<testsuite skipped="0" hostname="DESKTOP-6M9B03E" name="mockAPIDataDriven.DataDrivenDeleteExample3" tests="3" failures="0" timestamp="2020-03-30T15:45:23 EDT" time="2.156" errors="0">
  <testcase name="test_1" time="0.047" classname="mockAPIDataDriven.DataDrivenDeleteExample3"/>
  <system-out/>
  <testcase name="test_1" time="1.955" classname="mockAPIDataDriven.DataDrivenDeleteExample3"/>
  <system-out/>
  <testcase name="test_1" time="0.154" classname="mockAPIDataDriven.DataDrivenDeleteExample3"/>
  <system-out/>
</testsuite> <!-- mockAPIDataDriven.DataDrivenDeleteExample3 -->
