<?xml version="1.0" encoding="UTF-8"?>
<!-- Generated by org.testng.reporters.JUnitReportReporter -->
<testsuite skipped="0" hostname="DESKTOP-6M9B03E" name="mockAPIDataDriven.DataDrivenPOSTExampleFromClass4" tests="3" failures="0" timestamp="2020-03-30T17:34:08 EDT" time="1.875" errors="0">
  <testcase name="test_1" time="0.037" classname="mockAPIDataDriven.DataDrivenPOSTExampleFromClass4"/>
  <system-out/>
  <testcase name="test_1" time="0.033" classname="mockAPIDataDriven.DataDrivenPOSTExampleFromClass4"/>
  <system-out/>
  <testcase name="test_1" time="1.805" classname="mockAPIDataDriven.DataDrivenPOSTExampleFromClass4"/>
  <system-out/>
</testsuite> <!-- mockAPIDataDriven.DataDrivenPOSTExampleFromClass4 -->
