<?xml version="1.0" encoding="UTF-8"?>
<!-- Generated by org.testng.reporters.JUnitReportReporter -->
<testsuite skipped="0" hostname="DESKTOP-6M9B03E" name="test.Test_POST" tests="2" failures="0" timestamp="2020-03-27T12:04:31 EDT" time="5.175" errors="0">
  <testcase name="test_2_post" time="0.344" classname="test.Test_POST"/>
  <system-out/>
  <testcase name="test_1_post" time="4.831" classname="test.Test_POST"/>
  <system-out/>
</testsuite> <!-- test.Test_POST -->
