<?xml version="1.0" encoding="UTF-8"?>
<!-- Generated by org.testng.reporters.JUnitReportReporter -->
<testsuite skipped="0" hostname="DESKTOP-6M9B03E" name="test.Test01_GET" tests="1" failures="0" timestamp="2020-03-27T12:48:30 EDT" time="2.437" errors="0">
  <testcase name="test_04" time="2.437" classname="test.Test01_GET"/>
  <system-out/>
</testsuite> <!-- test.Test01_GET -->
