<?xml version="1.0" encoding="UTF-8"?>
<!-- Generated by org.testng.reporters.JUnitReportReporter -->
<testsuite skipped="0" hostname="DESKTOP-6M9B03E" name="localMockApi.Test_PUT" tests="1" failures="0" timestamp="2020-03-30T15:11:13 EDT" time="1.771" errors="0">
  <testcase name="test_1" time="1.771" classname="localMockApi.Test_PUT"/>
  <system-out/>
</testsuite> <!-- localMockApi.Test_PUT -->
