<?xml version="1.0" encoding="UTF-8"?>
<!-- Generated by org.testng.reporters.JUnitReportReporter -->
<testsuite skipped="0" hostname="DESKTOP-6M9B03E" name="localMockApi.Test_PATCH" tests="1" failures="0" timestamp="2020-03-27T17:37:50 EDT" time="1.707" errors="0">
  <testcase name="test_1" time="1.707" classname="localMockApi.Test_PATCH"/>
  <system-out/>
</testsuite> <!-- localMockApi.Test_PATCH -->
