<?xml version="1.0" encoding="UTF-8"?>
<!-- Generated by org.testng.reporters.JUnitReportReporter -->
<testsuite skipped="0" hostname="DESKTOP-6M9B03E" name="basicTest.Test_GET" tests="1" failures="0" timestamp="2020-03-31T09:50:02 EDT" time="3.298" errors="0">
  <testcase name="test_1" time="3.298" classname="basicTest.Test_GET"/>
  <system-out/>
</testsuite> <!-- basicTest.Test_GET -->
