<?xml version="1.0" encoding="UTF-8"?>
<!-- Generated by org.testng.reporters.JUnitReportReporter -->
<testsuite skipped="0" hostname="DESKTOP-6M9B03E" name="test.Tests_GET" tests="1" failures="0" timestamp="2020-03-26T16:33:35 EDT" time="2.251" errors="0">
  <testcase name="test_1" time="2.251" classname="test.Tests_GET"/>
  <system-out/>
</testsuite> <!-- test.Tests_GET -->
