<?xml version="1.0" encoding="UTF-8"?>
<!-- Generated by org.testng.reporters.JUnitReportReporter -->
<testsuite skipped="0" hostname="DESKTOP-6M9B03E" name="test.Test_PATCH" tests="1" failures="0" timestamp="2020-03-27T12:33:05 EDT" time="2.869" errors="0">
  <testcase name="test_1_patch" time="2.869" classname="test.Test_PATCH"/>
  <system-out/>
</testsuite> <!-- test.Test_PATCH -->
